2026-04-11 16:15:35,784 [BATCH-ID: 35912] [INFO] SYSTEM_BOOT: Initializing production-grade alpha engine
2026-04-11 16:16:15,882 [BATCH-ID: 17344] [INFO] SYSTEM_BOOT: Initializing production-grade alpha engine
2026-04-11 16:16:15,883 [BATCH-ID: 17344] [INFO] REGION_START: Beginning analysis for UK_MEGA
2026-04-11 16:16:15,884 [BATCH-ID: 17344] [INFO] DATA_ACQUISITION: Requesting 64 symbols from Yahoo Finance
2026-04-11 16:16:27,414 [BATCH-ID: 17344] [INFO] DATA_ACQUISITION: Received 64/64 symbols successfully
2026-04-11 16:16:27,438 [BATCH-ID: 17344] [INFO] SCANNER: Initializing sector-by-sector correlation and Hurst scan for UK_MEGA
2026-04-11 16:16:27,499 [BATCH-ID: 17344] [INFO] PAIR_SELECTED: [UK_MEGA] Sector: FINANCE | Pair: HSBA.L/STAN.L | Hurst: 0.3554
2026-04-11 16:16:27,499 [BATCH-ID: 17344] [INFO] PAIR_SELECTED: [UK_MEGA] Sector: FINANCE | Pair: BARC.L/CBG.L | Hurst: 0.3952
2026-04-11 16:16:27,539 [BATCH-ID: 17344] [INFO] PAIR_SELECTED: [UK_MEGA] Sector: RETAIL | Pair: MKS.L/FRAS.L | Hurst: 0.3364
2026-04-11 16:16:27,540 [BATCH-ID: 17344] [INFO] PAIR_SELECTED: [UK_MEGA] Sector: RETAIL | Pair: NXT.L/ABF.L | Hurst: 0.3922
2026-04-11 16:16:27,603 [BATCH-ID: 17344] [INFO] PAIR_SELECTED: [UK_MEGA] Sector: INSURANCE | Pair: AV.L/ADM.L | Hurst: 0.3815
2026-04-11 16:16:27,604 [BATCH-ID: 17344] [INFO] PAIR_SELECTED: [UK_MEGA] Sector: INSURANCE | Pair: AV.L/PHNX.L | Hurst: 0.3859
2026-04-11 16:16:27,631 [BATCH-ID: 17344] [INFO] PAIR_SELECTED: [UK_MEGA] Sector: HOUSEBUILDERS | Pair: BWY.L/GLE.L | Hurst: 0.3159
2026-04-11 16:16:27,631 [BATCH-ID: 17344] [INFO] PAIR_SELECTED: [UK_MEGA] Sector: HOUSEBUILDERS | Pair: TW.L/BWY.L | Hurst: 0.3547
2026-04-11 16:16:27,663 [BATCH-ID: 17344] [INFO] PAIR_SELECTED: [UK_MEGA] Sector: REITS | Pair: GPE.L/BYG.L | Hurst: 0.4345
2026-04-11 16:16:27,778 [BATCH-ID: 17344] [INFO] REGION_START: Beginning analysis for AU_MEGA
2026-04-11 16:16:27,779 [BATCH-ID: 17344] [INFO] DATA_ACQUISITION: Requesting 48 symbols from Yahoo Finance
2026-04-11 16:16:35,390 [BATCH-ID: 17344] [INFO] DATA_ACQUISITION: Received 48/48 symbols successfully
2026-04-11 16:16:35,401 [BATCH-ID: 17344] [INFO] SCANNER: Initializing sector-by-sector correlation and Hurst scan for AU_MEGA
2026-04-11 16:16:35,439 [BATCH-ID: 17344] [INFO] PAIR_SELECTED: [AU_MEGA] Sector: BANKS | Pair: ANZ.AX/BOQ.AX | Hurst: 0.3808
2026-04-11 16:16:35,477 [BATCH-ID: 17344] [INFO] PAIR_SELECTED: [AU_MEGA] Sector: ENERGY | Pair: WDS.AX/STO.AX | Hurst: 0.3990
2026-04-11 16:16:35,492 [BATCH-ID: 17344] [INFO] PAIR_SELECTED: [AU_MEGA] Sector: RETAIL | Pair: JBH.AX/HVN.AX | Hurst: 0.4251
2026-04-11 16:16:35,509 [BATCH-ID: 17344] [INFO] PAIR_SELECTED: [AU_MEGA] Sector: REITS | Pair: SCG.AX/GPT.AX | Hurst: 0.3232
2026-04-11 16:16:35,533 [BATCH-ID: 17344] [INFO] PAIR_SELECTED: [AU_MEGA] Sector: UTIL_INFRA | Pair: TCL.AX/TLS.AX | Hurst: 0.3112
2026-04-11 16:16:35,534 [BATCH-ID: 17344] [INFO] PAIR_SELECTED: [AU_MEGA] Sector: UTIL_INFRA | Pair: APA.AX/TLS.AX | Hurst: 0.3773
2026-04-11 16:16:35,592 [BATCH-ID: 17344] [INFO] REGION_START: Beginning analysis for CA_MEGA
2026-04-11 16:16:35,593 [BATCH-ID: 17344] [INFO] DATA_ACQUISITION: Requesting 45 symbols from Yahoo Finance
2026-04-11 16:16:41,734 [BATCH-ID: 17344] [INFO] DATA_ACQUISITION: Received 45/45 symbols successfully
2026-04-11 16:16:41,746 [BATCH-ID: 17344] [INFO] SCANNER: Initializing sector-by-sector correlation and Hurst scan for CA_MEGA
2026-04-11 16:16:41,774 [BATCH-ID: 17344] [INFO] PAIR_SELECTED: [CA_MEGA] Sector: BANKS | Pair: RY.TO/BMO.TO | Hurst: 0.3267
2026-04-11 16:16:41,774 [BATCH-ID: 17344] [INFO] PAIR_SELECTED: [CA_MEGA] Sector: BANKS | Pair: BNS.TO/CM.TO | Hurst: 0.4288
2026-04-11 16:16:41,786 [BATCH-ID: 17344] [INFO] PAIR_SELECTED: [CA_MEGA] Sector: ENERGY_PIPE | Pair: KEY.TO/ALA.TO | Hurst: 0.3741
2026-04-11 16:16:41,821 [BATCH-ID: 17344] [INFO] PAIR_SELECTED: [CA_MEGA] Sector: ENERGY_PROD | Pair: SU.TO/IMO.TO | Hurst: 0.3987
2026-04-11 16:16:41,821 [BATCH-ID: 17344] [INFO] PAIR_SELECTED: [CA_MEGA] Sector: ENERGY_PROD | Pair: IMO.TO/CVE.TO | Hurst: 0.4153
2026-04-11 16:16:41,852 [BATCH-ID: 17344] [INFO] PAIR_SELECTED: [CA_MEGA] Sector: MINING_GOLD | Pair: AEM.TO/NGD.TO | Hurst: 0.3985
2026-04-11 16:16:41,853 [BATCH-ID: 17344] [INFO] PAIR_SELECTED: [CA_MEGA] Sector: MINING_GOLD | Pair: IMG.TO/NGD.TO | Hurst: 0.3996
2026-04-11 16:16:41,910 [BATCH-ID: 17344] [INFO] PAIR_SELECTED: [CA_MEGA] Sector: MINING_BASE | Pair: IVN.TO/ERO.TO | Hurst: 0.3565
2026-04-11 16:16:41,921 [BATCH-ID: 17344] [INFO] PAIR_SELECTED: [CA_MEGA] Sector: MINING_BASE | Pair: IVN.TO/FM.TO | Hurst: 0.3940
2026-04-11 16:16:41,963 [BATCH-ID: 17344] [INFO] PAIR_SELECTED: [CA_MEGA] Sector: RETAIL_UTIL | Pair: WN.TO/H.TO | Hurst: 0.4072
2026-04-11 16:16:41,975 [BATCH-ID: 17344] [INFO] PAIR_SELECTED: [CA_MEGA] Sector: REITS | Pair: CAR-UN.TO/DIR-UN.TO | Hurst: 0.4157
2026-04-11 16:16:42,058 [BATCH-ID: 17344] [INFO] AGGREGATION: Compiling global performance metrics
2026-04-11 16:16:42,064 [BATCH-ID: 17344] [INFO] FINAL_REPORT_GENERATED
2026-04-11 16:16:42,072 [BATCH-ID: 17344] [INFO] SYSTEM_SHUTDOWN: Analysis cycle complete
2026-04-11 16:20:39,291 [BATCH-ID: 39236] [INFO] SYSTEM_BOOT: Initializing production-grade alpha engine
2026-04-11 16:20:39,291 [BATCH-ID: 39236] [INFO] REGION_START: Beginning analysis for UK_MEGA
2026-04-11 16:20:39,292 [BATCH-ID: 39236] [INFO] DATA_ACQUISITION: Requesting 64 symbols from Yahoo Finance
2026-04-11 16:20:49,047 [BATCH-ID: 39236] [INFO] DATA_ACQUISITION: Received 64/64 symbols successfully
2026-04-11 16:20:49,069 [BATCH-ID: 39236] [INFO] SCANNER: Initializing sector-by-sector correlation and Hurst scan for UK_MEGA
2026-04-11 16:20:49,101 [BATCH-ID: 39236] [INFO] PAIR_SELECTED: [UK_MEGA] Sector: FINANCE | Pair: HSBA.L/STAN.L | Hurst: 0.3554
2026-04-11 16:20:49,102 [BATCH-ID: 39236] [INFO] PAIR_SELECTED: [UK_MEGA] Sector: FINANCE | Pair: BARC.L/CBG.L | Hurst: 0.3952
2026-04-11 16:20:49,134 [BATCH-ID: 39236] [INFO] PAIR_SELECTED: [UK_MEGA] Sector: RETAIL | Pair: MKS.L/FRAS.L | Hurst: 0.3364
2026-04-11 16:20:49,135 [BATCH-ID: 39236] [INFO] PAIR_SELECTED: [UK_MEGA] Sector: RETAIL | Pair: NXT.L/ABF.L | Hurst: 0.3922
2026-04-11 16:20:49,192 [BATCH-ID: 39236] [INFO] PAIR_SELECTED: [UK_MEGA] Sector: INSURANCE | Pair: AV.L/ADM.L | Hurst: 0.3815
2026-04-11 16:20:49,192 [BATCH-ID: 39236] [INFO] PAIR_SELECTED: [UK_MEGA] Sector: INSURANCE | Pair: AV.L/PHNX.L | Hurst: 0.3859
2026-04-11 16:20:49,218 [BATCH-ID: 39236] [INFO] PAIR_SELECTED: [UK_MEGA] Sector: HOUSEBUILDERS | Pair: BWY.L/GLE.L | Hurst: 0.3159
2026-04-11 16:20:49,219 [BATCH-ID: 39236] [INFO] PAIR_SELECTED: [UK_MEGA] Sector: HOUSEBUILDERS | Pair: TW.L/BWY.L | Hurst: 0.3547
2026-04-11 16:20:49,248 [BATCH-ID: 39236] [INFO] PAIR_SELECTED: [UK_MEGA] Sector: REITS | Pair: GPE.L/BYG.L | Hurst: 0.4345
2026-04-11 16:20:49,344 [BATCH-ID: 39236] [INFO] REGION_START: Beginning analysis for AU_MEGA
2026-04-11 16:20:49,345 [BATCH-ID: 39236] [INFO] DATA_ACQUISITION: Requesting 48 symbols from Yahoo Finance
2026-04-11 16:20:56,757 [BATCH-ID: 39236] [INFO] DATA_ACQUISITION: Received 48/48 symbols successfully
2026-04-11 16:20:56,771 [BATCH-ID: 39236] [INFO] SCANNER: Initializing sector-by-sector correlation and Hurst scan for AU_MEGA
2026-04-11 16:20:56,805 [BATCH-ID: 39236] [INFO] PAIR_SELECTED: [AU_MEGA] Sector: BANKS | Pair: ANZ.AX/BOQ.AX | Hurst: 0.3808
2026-04-11 16:20:56,845 [BATCH-ID: 39236] [INFO] PAIR_SELECTED: [AU_MEGA] Sector: ENERGY | Pair: WDS.AX/STO.AX | Hurst: 0.3990
2026-04-11 16:20:56,860 [BATCH-ID: 39236] [INFO] PAIR_SELECTED: [AU_MEGA] Sector: RETAIL | Pair: JBH.AX/HVN.AX | Hurst: 0.4251
2026-04-11 16:20:56,875 [BATCH-ID: 39236] [INFO] PAIR_SELECTED: [AU_MEGA] Sector: REITS | Pair: SCG.AX/GPT.AX | Hurst: 0.3232
2026-04-11 16:20:56,896 [BATCH-ID: 39236] [INFO] PAIR_SELECTED: [AU_MEGA] Sector: UTIL_INFRA | Pair: TCL.AX/TLS.AX | Hurst: 0.3112
2026-04-11 16:20:56,897 [BATCH-ID: 39236] [INFO] PAIR_SELECTED: [AU_MEGA] Sector: UTIL_INFRA | Pair: APA.AX/TLS.AX | Hurst: 0.3773
2026-04-11 16:20:56,946 [BATCH-ID: 39236] [INFO] REGION_START: Beginning analysis for CA_MEGA
2026-04-11 16:20:56,947 [BATCH-ID: 39236] [INFO] DATA_ACQUISITION: Requesting 45 symbols from Yahoo Finance
2026-04-11 16:21:03,880 [BATCH-ID: 39236] [INFO] DATA_ACQUISITION: Received 45/45 symbols successfully
2026-04-11 16:21:03,892 [BATCH-ID: 39236] [INFO] SCANNER: Initializing sector-by-sector correlation and Hurst scan for CA_MEGA
2026-04-11 16:21:03,913 [BATCH-ID: 39236] [INFO] PAIR_SELECTED: [CA_MEGA] Sector: BANKS | Pair: RY.TO/BMO.TO | Hurst: 0.3267
2026-04-11 16:21:03,914 [BATCH-ID: 39236] [INFO] PAIR_SELECTED: [CA_MEGA] Sector: BANKS | Pair: BNS.TO/CM.TO | Hurst: 0.4288
2026-04-11 16:21:03,926 [BATCH-ID: 39236] [INFO] PAIR_SELECTED: [CA_MEGA] Sector: ENERGY_PIPE | Pair: KEY.TO/ALA.TO | Hurst: 0.3741
2026-04-11 16:21:03,961 [BATCH-ID: 39236] [INFO] PAIR_SELECTED: [CA_MEGA] Sector: ENERGY_PROD | Pair: SU.TO/IMO.TO | Hurst: 0.3987
2026-04-11 16:21:03,962 [BATCH-ID: 39236] [INFO] PAIR_SELECTED: [CA_MEGA] Sector: ENERGY_PROD | Pair: IMO.TO/CVE.TO | Hurst: 0.4153
2026-04-11 16:21:03,995 [BATCH-ID: 39236] [INFO] PAIR_SELECTED: [CA_MEGA] Sector: MINING_GOLD | Pair: AEM.TO/NGD.TO | Hurst: 0.3985
2026-04-11 16:21:03,996 [BATCH-ID: 39236] [INFO] PAIR_SELECTED: [CA_MEGA] Sector: MINING_GOLD | Pair: IMG.TO/NGD.TO | Hurst: 0.3996
2026-04-11 16:21:04,013 [BATCH-ID: 39236] [INFO] PAIR_SELECTED: [CA_MEGA] Sector: MINING_BASE | Pair: IVN.TO/ERO.TO | Hurst: 0.3565
2026-04-11 16:21:04,014 [BATCH-ID: 39236] [INFO] PAIR_SELECTED: [CA_MEGA] Sector: MINING_BASE | Pair: IVN.TO/FM.TO | Hurst: 0.3940
2026-04-11 16:21:04,033 [BATCH-ID: 39236] [INFO] PAIR_SELECTED: [CA_MEGA] Sector: RETAIL_UTIL | Pair: WN.TO/H.TO | Hurst: 0.4072
2026-04-11 16:21:04,047 [BATCH-ID: 39236] [INFO] PAIR_SELECTED: [CA_MEGA] Sector: REITS | Pair: CAR-UN.TO/DIR-UN.TO | Hurst: 0.4157
2026-04-11 16:21:04,127 [BATCH-ID: 39236] [INFO] AGGREGATION: Compiling global performance metrics
2026-04-11 16:21:04,133 [BATCH-ID: 39236] [INFO] FINAL_REPORT_GENERATED
2026-04-11 16:21:04,143 [BATCH-ID: 39236] [INFO] SYSTEM_SHUTDOWN: Analysis cycle complete
2026-04-11 16:21:22,098 [BATCH-ID: 49732] [INFO] SYSTEM_BOOT: Initializing production-grade alpha engine
2026-04-11 16:21:22,099 [BATCH-ID: 49732] [INFO] REGION_START: Beginning analysis for UK_MEGA
2026-04-11 16:21:22,100 [BATCH-ID: 49732] [INFO] DATA_ACQUISITION: Requesting 64 symbols from Yahoo Finance
2026-04-11 16:21:32,069 [BATCH-ID: 49732] [INFO] DATA_ACQUISITION: Received 64/64 symbols successfully
2026-04-11 16:21:32,090 [BATCH-ID: 49732] [INFO] SCANNER: Initializing sector-by-sector correlation and Hurst scan for UK_MEGA
2026-04-11 16:21:32,130 [BATCH-ID: 49732] [INFO] PAIR_SELECTED: [UK_MEGA] Sector: FINANCE | Pair: HSBA.L/STAN.L | Hurst: 0.3554
2026-04-11 16:21:32,131 [BATCH-ID: 49732] [INFO] PAIR_SELECTED: [UK_MEGA] Sector: FINANCE | Pair: BARC.L/CBG.L | Hurst: 0.3952
2026-04-11 16:21:32,164 [BATCH-ID: 49732] [INFO] PAIR_SELECTED: [UK_MEGA] Sector: RETAIL | Pair: MKS.L/FRAS.L | Hurst: 0.3364
2026-04-11 16:21:32,164 [BATCH-ID: 49732] [INFO] PAIR_SELECTED: [UK_MEGA] Sector: RETAIL | Pair: NXT.L/ABF.L | Hurst: 0.3922
2026-04-11 16:21:32,225 [BATCH-ID: 49732] [INFO] PAIR_SELECTED: [UK_MEGA] Sector: INSURANCE | Pair: AV.L/ADM.L | Hurst: 0.3815
2026-04-11 16:21:32,226 [BATCH-ID: 49732] [INFO] PAIR_SELECTED: [UK_MEGA] Sector: INSURANCE | Pair: AV.L/PHNX.L | Hurst: 0.3859
2026-04-11 16:21:32,252 [BATCH-ID: 49732] [INFO] PAIR_SELECTED: [UK_MEGA] Sector: HOUSEBUILDERS | Pair: BWY.L/GLE.L | Hurst: 0.3159
2026-04-11 16:21:32,252 [BATCH-ID: 49732] [INFO] PAIR_SELECTED: [UK_MEGA] Sector: HOUSEBUILDERS | Pair: TW.L/BWY.L | Hurst: 0.3547
2026-04-11 16:21:32,279 [BATCH-ID: 49732] [INFO] PAIR_SELECTED: [UK_MEGA] Sector: REITS | Pair: GPE.L/BYG.L | Hurst: 0.4345
2026-04-11 16:21:32,372 [BATCH-ID: 49732] [INFO] REGION_START: Beginning analysis for AU_MEGA
2026-04-11 16:21:32,373 [BATCH-ID: 49732] [INFO] DATA_ACQUISITION: Requesting 48 symbols from Yahoo Finance
2026-04-11 16:21:39,549 [BATCH-ID: 49732] [INFO] DATA_ACQUISITION: Received 48/48 symbols successfully
2026-04-11 16:21:39,561 [BATCH-ID: 49732] [INFO] SCANNER: Initializing sector-by-sector correlation and Hurst scan for AU_MEGA
2026-04-11 16:21:39,596 [BATCH-ID: 49732] [INFO] PAIR_SELECTED: [AU_MEGA] Sector: BANKS | Pair: ANZ.AX/BOQ.AX | Hurst: 0.3808
2026-04-11 16:21:39,633 [BATCH-ID: 49732] [INFO] PAIR_SELECTED: [AU_MEGA] Sector: ENERGY | Pair: WDS.AX/STO.AX | Hurst: 0.3990
2026-04-11 16:21:39,649 [BATCH-ID: 49732] [INFO] PAIR_SELECTED: [AU_MEGA] Sector: RETAIL | Pair: JBH.AX/HVN.AX | Hurst: 0.4251
2026-04-11 16:21:39,670 [BATCH-ID: 49732] [INFO] PAIR_SELECTED: [AU_MEGA] Sector: REITS | Pair: SCG.AX/GPT.AX | Hurst: 0.3232
2026-04-11 16:21:39,692 [BATCH-ID: 49732] [INFO] PAIR_SELECTED: [AU_MEGA] Sector: UTIL_INFRA | Pair: TCL.AX/TLS.AX | Hurst: 0.3112
2026-04-11 16:21:39,693 [BATCH-ID: 49732] [INFO] PAIR_SELECTED: [AU_MEGA] Sector: UTIL_INFRA | Pair: APA.AX/TLS.AX | Hurst: 0.3773
2026-04-11 16:21:39,741 [BATCH-ID: 49732] [INFO] REGION_START: Beginning analysis for CA_MEGA
2026-04-11 16:21:39,742 [BATCH-ID: 49732] [INFO] DATA_ACQUISITION: Requesting 45 symbols from Yahoo Finance
2026-04-11 16:21:46,077 [BATCH-ID: 49732] [INFO] DATA_ACQUISITION: Received 45/45 symbols successfully
2026-04-11 16:21:46,091 [BATCH-ID: 49732] [INFO] SCANNER: Initializing sector-by-sector correlation and Hurst scan for CA_MEGA
2026-04-11 16:21:46,115 [BATCH-ID: 49732] [INFO] PAIR_SELECTED: [CA_MEGA] Sector: BANKS | Pair: RY.TO/BMO.TO | Hurst: 0.3267
2026-04-11 16:21:46,116 [BATCH-ID: 49732] [INFO] PAIR_SELECTED: [CA_MEGA] Sector: BANKS | Pair: BNS.TO/CM.TO | Hurst: 0.4288
2026-04-11 16:21:46,126 [BATCH-ID: 49732] [INFO] PAIR_SELECTED: [CA_MEGA] Sector: ENERGY_PIPE | Pair: KEY.TO/ALA.TO | Hurst: 0.3741
2026-04-11 16:21:46,153 [BATCH-ID: 49732] [INFO] PAIR_SELECTED: [CA_MEGA] Sector: ENERGY_PROD | Pair: SU.TO/IMO.TO | Hurst: 0.3987
2026-04-11 16:21:46,153 [BATCH-ID: 49732] [INFO] PAIR_SELECTED: [CA_MEGA] Sector: ENERGY_PROD | Pair: IMO.TO/CVE.TO | Hurst: 0.4153
2026-04-11 16:21:46,188 [BATCH-ID: 49732] [INFO] PAIR_SELECTED: [CA_MEGA] Sector: MINING_GOLD | Pair: AEM.TO/NGD.TO | Hurst: 0.3985
2026-04-11 16:21:46,189 [BATCH-ID: 49732] [INFO] PAIR_SELECTED: [CA_MEGA] Sector: MINING_GOLD | Pair: IMG.TO/NGD.TO | Hurst: 0.3996
2026-04-11 16:21:46,206 [BATCH-ID: 49732] [INFO] PAIR_SELECTED: [CA_MEGA] Sector: MINING_BASE | Pair: IVN.TO/ERO.TO | Hurst: 0.3565
2026-04-11 16:21:46,207 [BATCH-ID: 49732] [INFO] PAIR_SELECTED: [CA_MEGA] Sector: MINING_BASE | Pair: IVN.TO/FM.TO | Hurst: 0.3940
2026-04-11 16:21:46,228 [BATCH-ID: 49732] [INFO] PAIR_SELECTED: [CA_MEGA] Sector: RETAIL_UTIL | Pair: WN.TO/H.TO | Hurst: 0.4072
2026-04-11 16:21:46,240 [BATCH-ID: 49732] [INFO] PAIR_SELECTED: [CA_MEGA] Sector: REITS | Pair: CAR-UN.TO/DIR-UN.TO | Hurst: 0.4157
2026-04-11 16:21:46,332 [BATCH-ID: 49732] [INFO] AGGREGATION: Compiling global performance metrics
2026-04-11 16:21:46,338 [BATCH-ID: 49732] [INFO] FINAL_REPORT_GENERATED
2026-04-11 16:21:46,345 [BATCH-ID: 49732] [INFO] SYSTEM_SHUTDOWN: Analysis cycle complete
