2026-04-09 20:50:20,733 [INFO] Starting strategy...
2026-04-09 20:50:20,734 [INFO] Fetching weather data...
2026-04-09 20:50:20,734 [INFO] Connecting to stations database (in_memory=False)
2026-04-09 20:50:20,750 [INFO] Connecting to stations database (in_memory=False)
2026-04-09 20:50:20,841 [INFO] Columns available: ['temp', 'tmin', 'tmax', 'rhum', 'prcp', 'snwd', 'wspd', 'wpgt', 'pres', 'tsun', 'cldc']
2026-04-09 20:50:20,855 [INFO] Weather data saved to cache (1096 rows)
2026-04-09 20:50:20,856 [INFO] Fetching stock data...
2026-04-09 20:50:23,408 [INFO] Prices saved to cache
2026-04-09 20:50:23,408 [INFO] Computing signals...
2026-04-09 20:50:23,545 [INFO] Generated 157 signals
2026-04-09 20:50:23,546 [INFO] Running backtest...
2026-04-09 20:50:23,650 [INFO] Backtest complete
2026-04-09 20:50:23,651 [INFO] Mean return: 0.00003
2026-04-09 20:50:23,652 [INFO] Sharpe: 0.002
2026-04-09 20:52:22,559 [INFO] Starting strategy...
2026-04-09 20:52:22,559 [INFO] Loading weather from cache...
2026-04-09 20:52:22,618 [INFO] Loading prices from cache...
2026-04-09 20:52:22,641 [INFO] Computing advanced weekend signals...
2026-04-09 20:52:22,644 [WARNING] cldc not found in weather data, filling 0
2026-04-09 20:52:22,646 [WARNING] wspd not found in weather data, filling 0
2026-04-09 20:52:22,648 [WARNING] tsun not found in weather data, filling 0
2026-04-09 20:52:22,761 [INFO] Generated 47 filtered weekend signals (top 70% extremes)
2026-04-09 20:52:22,762 [INFO] Running backtest...
2026-04-09 20:52:22,782 [INFO] Backtest complete
2026-04-09 20:52:22,784 [INFO] Mean return: -0.00244
2026-04-09 20:52:22,785 [INFO] Sharpe: -0.128
2026-04-09 20:54:13,139 [INFO] Starting strategy...
2026-04-09 20:54:13,139 [INFO] Loading weather from cache...
2026-04-09 20:54:13,151 [INFO] Loading prices from cache...
2026-04-09 20:54:13,157 [INFO] Computing weekend signals...
2026-04-09 20:55:55,788 [INFO] Starting strategy...
2026-04-09 20:55:55,788 [INFO] Loading weather from cache...
2026-04-09 20:55:55,801 [INFO] Weather columns loaded from cache: ['temp', 'precip']
2026-04-09 20:55:55,802 [INFO] Loading prices from cache...
2026-04-09 20:55:55,810 [INFO] Computing weekend signals...
2026-04-09 20:55:55,812 [WARNING] prcp not found in weather data, filling 0
2026-04-09 20:55:55,814 [WARNING] cldc not found in weather data, filling 0
2026-04-09 20:55:55,816 [WARNING] wspd not found in weather data, filling 0
2026-04-09 20:55:55,818 [WARNING] tsun not found in weather data, filling 0
2026-04-09 20:55:55,938 [INFO] Generated 47 filtered weekend signals (top 70% extremes)
2026-04-09 20:55:55,939 [INFO] Running backtest...
2026-04-09 20:55:55,967 [INFO] Backtest complete
2026-04-09 20:55:55,968 [INFO] Mean return: -0.00073
2026-04-09 20:55:55,968 [INFO] Sharpe: -0.038
2026-04-09 20:58:15,978 [INFO] Starting strategy...
2026-04-09 20:58:15,979 [INFO] Loading weather from cache...
2026-04-09 20:58:15,993 [INFO] Weather columns loaded from cache: ['temp', 'precip']
2026-04-09 20:58:15,994 [INFO] Loading prices from cache...
2026-04-09 20:58:16,001 [INFO] Computing weekend signals...
2026-04-09 20:58:16,001 [INFO] Using numeric weather columns for signals: ['temp', 'precip']
2026-04-09 20:58:16,133 [INFO] Generated 47 filtered weekend signals (top 70% extremes)
2026-04-09 20:58:16,133 [INFO] Running backtest...
2026-04-09 20:58:16,165 [INFO] Backtest complete
2026-04-09 20:58:16,166 [INFO] Overall mean return: -0.00050
2026-04-09 20:58:16,167 [INFO] Overall Sharpe: -0.026
2026-04-09 20:58:16,167 [INFO] Per-ticker performance summary:
2026-04-09 20:58:16,182 [INFO] signal: mean=-0.88107, std=5.63707, min=-8.56429, max=10.75714
2026-04-09 20:58:16,183 [INFO] return: mean=-0.00050, std=0.01947, min=-0.04372, max=0.07141
2026-04-09 20:58:16,183 [INFO] GRG.L: mean=-0.00084, std=0.02770, min=-0.06978, max=0.06849
2026-04-09 20:58:16,184 [INFO] JD.L: mean=0.00019, std=0.03388, min=-0.08893, max=0.09708
2026-04-09 20:58:16,184 [INFO] MAB.L: mean=-0.00152, std=0.02856, min=-0.07916, max=0.08152
2026-04-09 20:58:16,185 [INFO] NXT.L: mean=0.00185, std=0.02244, min=-0.04321, max=0.09012
2026-04-09 20:58:16,185 [INFO] SMWH.L: mean=-0.00217, std=0.02231, min=-0.03155, max=0.07960
